Added Component: Designator=C1(0603_1.6x0.8x0.8mm_Reflow Soldering)
Add component. Clean all parameters for all variants
Add component (AddParameter): Name = "Ceramic Type"; Value = "X7R"; VariantName = "[No Variations]"
Add component (AddParameter): Name = "ComponentLink1Description"; Value = "Manufacturer"; VariantName = "[No Variations]"
Add component (AddParameter): Name = "ComponentLink1URL"; Value = "http://www.we-online.de"; VariantName = "[No Variations]"
Add component (AddParameter): Name = "ComponentLink2Description"; Value = "Datasheet"; VariantName = "[No Variations]"
Add component (AddParameter): Name = "ComponentLink2URL"; Value = "http://katalog.we-online.de/pbs/datasheet/885012206071.pdf"; VariantName = "[No Variations]"
Add component (AddParameter): Name = "Operating Temperature"; Value = "-55 °C to +125 °C"; VariantName = "[No Variations]"
Add component (AddParameter): Name = "Part Number"; Value = "885012206071"; VariantName = "[No Variations]"
Add component (AddParameter): Name = "Published Date"; Value = "Oct. 2017"; VariantName = "[No Variations]"
Add component (AddParameter): Name = "Publisher"; Value = "Wurth Elektronik"; VariantName = "[No Variations]"
Add component (AddParameter): Name = "Rated Voltage"; Value = "25V DC"; VariantName = "[No Variations]"
Add component (AddParameter): Name = "Size"; Value = "0603"; VariantName = "[No Variations]"
Add component (AddParameter): Name = "Value"; Value = "100nF"; VariantName = "[No Variations]"
Added Component: Designator=C2(0603_1.6x0.8x0.8mm_Reflow Soldering)
Add component. Clean all parameters for all variants
Add component (AddParameter): Name = "Ceramic Type"; Value = "X7R"; VariantName = "[No Variations]"
Add component (AddParameter): Name = "ComponentLink1Description"; Value = "Manufacturer"; VariantName = "[No Variations]"
Add component (AddParameter): Name = "ComponentLink1URL"; Value = "http://www.we-online.de"; VariantName = "[No Variations]"
Add component (AddParameter): Name = "ComponentLink2Description"; Value = "Datasheet"; VariantName = "[No Variations]"
Add component (AddParameter): Name = "ComponentLink2URL"; Value = "http://katalog.we-online.de/pbs/datasheet/885012206071.pdf"; VariantName = "[No Variations]"
Add component (AddParameter): Name = "Operating Temperature"; Value = "-55 °C to +125 °C"; VariantName = "[No Variations]"
Add component (AddParameter): Name = "Part Number"; Value = "885012206071"; VariantName = "[No Variations]"
Add component (AddParameter): Name = "Published Date"; Value = "Oct. 2017"; VariantName = "[No Variations]"
Add component (AddParameter): Name = "Publisher"; Value = "Wurth Elektronik"; VariantName = "[No Variations]"
Add component (AddParameter): Name = "Rated Voltage"; Value = "25V DC"; VariantName = "[No Variations]"
Add component (AddParameter): Name = "Size"; Value = "0603"; VariantName = "[No Variations]"
Add component (AddParameter): Name = "Value"; Value = "100nF"; VariantName = "[No Variations]"
Added Component: Designator=C3(0805_2x1.25x1.25mm_Reflow Soldering)
Add component. Clean all parameters for all variants
Add component (AddParameter): Name = "Ceramic Type"; Value = "X5R"; VariantName = "[No Variations]"
Add component (AddParameter): Name = "ComponentLink1Description"; Value = "Manufacturer"; VariantName = "[No Variations]"
Add component (AddParameter): Name = "ComponentLink1URL"; Value = "http://www.we-online.de"; VariantName = "[No Variations]"
Add component (AddParameter): Name = "ComponentLink2Description"; Value = "Datasheet"; VariantName = "[No Variations]"
Add component (AddParameter): Name = "ComponentLink2URL"; Value = "http://katalog.we-online.de/pbs/datasheet/885012107018.pdf"; VariantName = "[No Variations]"
Add component (AddParameter): Name = "Operating Temperature"; Value = "-55 °C to +125 °C"; VariantName = "[No Variations]"
Add component (AddParameter): Name = "Part Number"; Value = "885012107018"; VariantName = "[No Variations]"
Add component (AddParameter): Name = "Published Date"; Value = "Oct. 2017"; VariantName = "[No Variations]"
Add component (AddParameter): Name = "Publisher"; Value = "Wurth Elektronik"; VariantName = "[No Variations]"
Add component (AddParameter): Name = "Rated Voltage"; Value = "25V DC"; VariantName = "[No Variations]"
Add component (AddParameter): Name = "Size"; Value = "0805"; VariantName = "[No Variations]"
Add component (AddParameter): Name = "Value"; Value = "4.7uF"; VariantName = "[No Variations]"
Added Component: Designator=C4(0603_1.6x0.8x0.8mm_Reflow Soldering)
Add component. Clean all parameters for all variants
Add component (AddParameter): Name = "Ceramic Type"; Value = "X7R"; VariantName = "[No Variations]"
Add component (AddParameter): Name = "ComponentLink1Description"; Value = "Manufacturer"; VariantName = "[No Variations]"
Add component (AddParameter): Name = "ComponentLink1URL"; Value = "http://www.we-online.de"; VariantName = "[No Variations]"
Add component (AddParameter): Name = "ComponentLink2Description"; Value = "Datasheet"; VariantName = "[No Variations]"
Add component (AddParameter): Name = "ComponentLink2URL"; Value = "http://katalog.we-online.de/pbs/datasheet/885012206071.pdf"; VariantName = "[No Variations]"
Add component (AddParameter): Name = "Operating Temperature"; Value = "-55 °C to +125 °C"; VariantName = "[No Variations]"
Add component (AddParameter): Name = "Part Number"; Value = "885012206071"; VariantName = "[No Variations]"
Add component (AddParameter): Name = "Published Date"; Value = "Oct. 2017"; VariantName = "[No Variations]"
Add component (AddParameter): Name = "Publisher"; Value = "Wurth Elektronik"; VariantName = "[No Variations]"
Add component (AddParameter): Name = "Rated Voltage"; Value = "25V DC"; VariantName = "[No Variations]"
Add component (AddParameter): Name = "Size"; Value = "0603"; VariantName = "[No Variations]"
Add component (AddParameter): Name = "Value"; Value = "100nF"; VariantName = "[No Variations]"
Added Component: Designator=C5(0805_2x1.25x1.25mm_Reflow Soldering)
Add component. Clean all parameters for all variants
Add component (AddParameter): Name = "Ceramic Type"; Value = "X5R"; VariantName = "[No Variations]"
Add component (AddParameter): Name = "ComponentLink1Description"; Value = "Manufacturer"; VariantName = "[No Variations]"
Add component (AddParameter): Name = "ComponentLink1URL"; Value = "http://www.we-online.de"; VariantName = "[No Variations]"
Add component (AddParameter): Name = "ComponentLink2Description"; Value = "Datasheet"; VariantName = "[No Variations]"
Add component (AddParameter): Name = "ComponentLink2URL"; Value = "http://katalog.we-online.de/pbs/datasheet/885012107005.pdf"; VariantName = "[No Variations]"
Add component (AddParameter): Name = "Operating Temperature"; Value = "-55 °C to +125 °C"; VariantName = "[No Variations]"
Add component (AddParameter): Name = "Part Number"; Value = "885012107005"; VariantName = "[No Variations]"
Add component (AddParameter): Name = "Published Date"; Value = "Oct. 2017"; VariantName = "[No Variations]"
Add component (AddParameter): Name = "Publisher"; Value = "Wurth Elektronik"; VariantName = "[No Variations]"
Add component (AddParameter): Name = "Rated Voltage"; Value = "6.3V DC"; VariantName = "[No Variations]"
Add component (AddParameter): Name = "Size"; Value = "0805"; VariantName = "[No Variations]"
Add component (AddParameter): Name = "Value"; Value = "22uF"; VariantName = "[No Variations]"
Added Component: Designator=C6(0805_2x1.25x1.25mm_Reflow Soldering)
Add component. Clean all parameters for all variants
Add component (AddParameter): Name = "Ceramic Type"; Value = "X5R"; VariantName = "[No Variations]"
Add component (AddParameter): Name = "ComponentLink1Description"; Value = "Manufacturer"; VariantName = "[No Variations]"
Add component (AddParameter): Name = "ComponentLink1URL"; Value = "http://www.we-online.de"; VariantName = "[No Variations]"
Add component (AddParameter): Name = "ComponentLink2Description"; Value = "Datasheet"; VariantName = "[No Variations]"
Add component (AddParameter): Name = "ComponentLink2URL"; Value = "http://katalog.we-online.de/pbs/datasheet/885012107005.pdf"; VariantName = "[No Variations]"
Add component (AddParameter): Name = "Operating Temperature"; Value = "-55 °C to +125 °C"; VariantName = "[No Variations]"
Add component (AddParameter): Name = "Part Number"; Value = "885012107005"; VariantName = "[No Variations]"
Add component (AddParameter): Name = "Published Date"; Value = "Oct. 2017"; VariantName = "[No Variations]"
Add component (AddParameter): Name = "Publisher"; Value = "Wurth Elektronik"; VariantName = "[No Variations]"
Add component (AddParameter): Name = "Rated Voltage"; Value = "6.3V DC"; VariantName = "[No Variations]"
Add component (AddParameter): Name = "Size"; Value = "0805"; VariantName = "[No Variations]"
Add component (AddParameter): Name = "Value"; Value = "22uF"; VariantName = "[No Variations]"
Added Component: Designator=D1(IV-6)
Add component. Clean all parameters for all variants
Added Component: Designator=D2(IV-6)
Add component. Clean all parameters for all variants
Added Component: Designator=D3(IV-6)
Add component. Clean all parameters for all variants
Added Component: Designator=D4(IV-6)
Add component. Clean all parameters for all variants
Added Component: Designator=H1(Letev6)
Add component. Clean all parameters for all variants
Added Component: Designator=H2(Letev6)
Add component. Clean all parameters for all variants
Added Component: Designator=MH1(Mounting Hole M3)
Add component. Clean all parameters for all variants
Added Component: Designator=MH2(Mounting Hole M3)
Add component. Clean all parameters for all variants
Added Component: Designator=MH3(Mounting Hole M3)
Add component. Clean all parameters for all variants
Added Component: Designator=MH4(Mounting Hole M3)
Add component. Clean all parameters for all variants
Added Component: Designator=U1(SO20 Wide)
Add component. Clean all parameters for all variants
Added Component: Designator=U2(TSOP 28)
Add component. Clean all parameters for all variants
Added Pin To Net: NetName=+1.5V Pin=D1-7
Added Pin To Net: NetName=+1.5V Pin=D2-7
Added Pin To Net: NetName=+1.5V Pin=D3-7
Added Pin To Net: NetName=+1.5V Pin=D4-7
Added Pin To Net: NetName=+1.5V Pin=H2-3
Added Pin To Net: NetName=+1.5V Pin=H2-4
Added Net: Name=+1.5V
Added Pin To Net: NetName=+3V3 Pin=C1-2
Added Pin To Net: NetName=+3V3 Pin=C2-2
Added Pin To Net: NetName=+3V3 Pin=C5-2
Added Pin To Net: NetName=+3V3 Pin=C6-2
Added Pin To Net: NetName=+3V3 Pin=H1-1
Added Pin To Net: NetName=+3V3 Pin=U1-20
Added Pin To Net: NetName=+3V3 Pin=U2-7
Added Net: Name=+3V3
Added Pin To Net: NetName=+30V Pin=C3-2
Added Pin To Net: NetName=+30V Pin=C4-2
Added Pin To Net: NetName=+30V Pin=D1-9
Added Pin To Net: NetName=+30V Pin=D2-9
Added Pin To Net: NetName=+30V Pin=D3-9
Added Pin To Net: NetName=+30V Pin=D4-9
Added Pin To Net: NetName=+30V Pin=H2-1
Added Pin To Net: NetName=+30V Pin=H2-2
Added Pin To Net: NetName=+30V Pin=U1-1
Added Pin To Net: NetName=+30V Pin=U2-8
Added Net: Name=+30V
Added Pin To Net: NetName=1H1 Pin=D3-2
Added Pin To Net: NetName=1H1 Pin=U2-1
Added Net: Name=1H1
Added Pin To Net: NetName=1H2 Pin=D3-1
Added Pin To Net: NetName=1H2 Pin=U2-28
Added Net: Name=1H2
Added Pin To Net: NetName=1H3 Pin=D3-10
Added Pin To Net: NetName=1H3 Pin=U2-27
Added Net: Name=1H3
Added Pin To Net: NetName=1H4 Pin=U2-26
Added Net: Name=1H4
Added Pin To Net: NetName=1H5 Pin=U2-25
Added Net: Name=1H5
Added Pin To Net: NetName=1H6 Pin=U2-24
Added Net: Name=1H6
Added Pin To Net: NetName=1H7 Pin=U2-19
Added Net: Name=1H7
Added Pin To Net: NetName=1H8 Pin=D3-11
Added Pin To Net: NetName=1H8 Pin=U2-18
Added Net: Name=1H8
Added Pin To Net: NetName=1M1 Pin=D1-2
Added Pin To Net: NetName=1M1 Pin=U1-18
Added Net: Name=1M1
Added Pin To Net: NetName=1M2 Pin=D1-1
Added Pin To Net: NetName=1M2 Pin=U1-17
Added Net: Name=1M2
Added Pin To Net: NetName=1M3 Pin=D1-10
Added Pin To Net: NetName=1M3 Pin=U1-16
Added Net: Name=1M3
Added Pin To Net: NetName=1M4 Pin=U1-15
Added Net: Name=1M4
Added Pin To Net: NetName=1M5 Pin=U1-14
Added Net: Name=1M5
Added Pin To Net: NetName=1M6 Pin=U1-13
Added Net: Name=1M6
Added Pin To Net: NetName=1M7 Pin=U1-8
Added Net: Name=1M7
Added Pin To Net: NetName=1M8 Pin=D1-11
Added Pin To Net: NetName=1M8 Pin=U1-7
Added Net: Name=1M8
Added Pin To Net: NetName=2H1 Pin=D4-2
Added Pin To Net: NetName=2H1 Pin=U2-17
Added Net: Name=2H1
Added Pin To Net: NetName=2H2 Pin=D4-1
Added Pin To Net: NetName=2H2 Pin=U2-16
Added Net: Name=2H2
Added Pin To Net: NetName=2H3 Pin=D4-10
Added Pin To Net: NetName=2H3 Pin=U2-15
Added Net: Name=2H3
Added Pin To Net: NetName=2H4 Pin=U2-14
Added Net: Name=2H4
Added Pin To Net: NetName=2H5 Pin=U2-13
Added Net: Name=2H5
Added Pin To Net: NetName=2H6 Pin=U2-12
Added Net: Name=2H6
Added Pin To Net: NetName=2H7 Pin=U2-11
Added Net: Name=2H7
Added Pin To Net: NetName=2H8 Pin=D4-11
Added Pin To Net: NetName=2H8 Pin=U2-10
Added Net: Name=2H8
Added Pin To Net: NetName=2M1 Pin=D2-2
Added Pin To Net: NetName=2M1 Pin=U1-6
Added Net: Name=2M1
Added Pin To Net: NetName=2M2 Pin=D2-1
Added Pin To Net: NetName=2M2 Pin=U1-5
Added Net: Name=2M2
Added Pin To Net: NetName=2M3 Pin=D2-10
Added Pin To Net: NetName=2M3 Pin=U1-4
Added Net: Name=2M3
Added Pin To Net: NetName=2M4 Pin=U1-3
Added Net: Name=2M4
Added Pin To Net: NetName=2M5 Pin=U2-5
Added Net: Name=2M5
Added Pin To Net: NetName=2M6 Pin=U2-4
Added Net: Name=2M6
Added Pin To Net: NetName=2M7 Pin=U2-3
Added Net: Name=2M7
Added Pin To Net: NetName=2M8 Pin=D2-11
Added Pin To Net: NetName=2M8 Pin=U2-2
Added Net: Name=2M8
Added Pin To Net: NetName=GND Pin=C1-1
Added Pin To Net: NetName=GND Pin=C2-1
Added Pin To Net: NetName=GND Pin=C3-1
Added Pin To Net: NetName=GND Pin=C4-1
Added Pin To Net: NetName=GND Pin=C5-1
Added Pin To Net: NetName=GND Pin=C6-1
Added Pin To Net: NetName=GND Pin=D1-8
Added Pin To Net: NetName=GND Pin=D2-8
Added Pin To Net: NetName=GND Pin=D3-8
Added Pin To Net: NetName=GND Pin=D4-8
Added Pin To Net: NetName=GND Pin=H1-6
Added Pin To Net: NetName=GND Pin=H2-5
Added Pin To Net: NetName=GND Pin=H2-6
Added Pin To Net: NetName=GND Pin=MH1-1
Added Pin To Net: NetName=GND Pin=MH2-1
Added Pin To Net: NetName=GND Pin=MH3-1
Added Pin To Net: NetName=GND Pin=MH4-1
Added Pin To Net: NetName=GND Pin=U1-10
Added Pin To Net: NetName=GND Pin=U2-21
Added Net: Name=GND
Added Pin To Net: NetName=NetH1_2 Pin=H1-2
Added Pin To Net: NetName=NetH1_2 Pin=U1-19
Added Pin To Net: NetName=NetH1_2 Pin=U2-20
Added Net: Name=NetH1_2
Added Pin To Net: NetName=NetH1_3 Pin=H1-3
Added Pin To Net: NetName=NetH1_3 Pin=U1-12
Added Pin To Net: NetName=NetH1_3 Pin=U2-23
Added Net: Name=NetH1_3
Added Pin To Net: NetName=NetH1_4 Pin=H1-4
Added Pin To Net: NetName=NetH1_4 Pin=U1-19
Added Pin To Net: NetName=NetH1_4 Pin=U2-22
Added Net: Name=NetH1_4
Added Pin To Net: NetName=NetH1_5 Pin=H1-5
Added Pin To Net: NetName=NetH1_5 Pin=U1-19
Added Net: Name=NetH1_5
Added Pin To Net: NetName=NetU1_2 Pin=U1-2
Added Pin To Net: NetName=NetU1_2 Pin=U2-6
Added Net: Name=NetU1_2
Added Class: Name=VFD Ura Display
Added Room: Name=VFD Ura Display
