Added Component: Designator=C1(WCAP-PSLC_8x11.7)
Add component. Clean all parameters for all variants
Add component (AddParameter): Name = "ComponentLink1Description"; Value = "Manufacturer"; VariantName = "[No Variations]"
Add component (AddParameter): Name = "ComponentLink1URL"; Value = "http://www.we-online.de"; VariantName = "[No Variations]"
Add component (AddParameter): Name = "ComponentLink2Description"; Value = "Datasheet"; VariantName = "[No Variations]"
Add component (AddParameter): Name = "ComponentLink2URL"; Value = "http://katalog.we-online.de/pbs/datasheet/875075555002.pdf"; VariantName = "[No Variations]"
Add component (AddParameter): Name = "Life Cycle"; Value = "2000h"; VariantName = "[No Variations]"
Add component (AddParameter): Name = "Operating Temperature"; Value = "-55 °C up to +105 °C"; VariantName = "[No Variations]"
Add component (AddParameter): Name = "Part Number"; Value = "875075555002"; VariantName = "[No Variations]"
Add component (AddParameter): Name = "Published Date"; Value = "June 2017"; VariantName = "[No Variations]"
Add component (AddParameter): Name = "Publisher"; Value = "Wurth Elektronik"; VariantName = "[No Variations]"
Add component (AddParameter): Name = "Rated Voltage"; Value = "25V DC"; VariantName = "[No Variations]"
Add component (AddParameter): Name = "Size"; Value = "?8x11.7mm"; VariantName = "[No Variations]"
Add component (AddParameter): Name = "Value"; Value = "47uF"; VariantName = "[No Variations]"
Added Component: Designator=C2(0603_1.6x0.8x0.8mm_Reflow Soldering)
Add component. Clean all parameters for all variants
Add component (AddParameter): Name = "Ceramic Type"; Value = "X7R"; VariantName = "[No Variations]"
Add component (AddParameter): Name = "ComponentLink1Description"; Value = "Manufacturer"; VariantName = "[No Variations]"
Add component (AddParameter): Name = "ComponentLink1URL"; Value = "http://www.we-online.de"; VariantName = "[No Variations]"
Add component (AddParameter): Name = "ComponentLink2Description"; Value = "Datasheet"; VariantName = "[No Variations]"
Add component (AddParameter): Name = "ComponentLink2URL"; Value = "http://katalog.we-online.de/pbs/datasheet/885012206071.pdf"; VariantName = "[No Variations]"
Add component (AddParameter): Name = "Operating Temperature"; Value = "-55 °C to +125 °C"; VariantName = "[No Variations]"
Add component (AddParameter): Name = "Part Number"; Value = "885012206071"; VariantName = "[No Variations]"
Add component (AddParameter): Name = "Published Date"; Value = "Oct. 2017"; VariantName = "[No Variations]"
Add component (AddParameter): Name = "Publisher"; Value = "Wurth Elektronik"; VariantName = "[No Variations]"
Add component (AddParameter): Name = "Rated Voltage"; Value = "25V DC"; VariantName = "[No Variations]"
Add component (AddParameter): Name = "Size"; Value = "0603"; VariantName = "[No Variations]"
Add component (AddParameter): Name = "Value"; Value = "100nF"; VariantName = "[No Variations]"
Added Component: Designator=C3(0805_2x1.25x1.25mm_Reflow Soldering)
Add component. Clean all parameters for all variants
Add component (AddParameter): Name = "Ceramic Type"; Value = "X5R"; VariantName = "[No Variations]"
Add component (AddParameter): Name = "ComponentLink1Description"; Value = "Manufacturer"; VariantName = "[No Variations]"
Add component (AddParameter): Name = "ComponentLink1URL"; Value = "http://www.we-online.de"; VariantName = "[No Variations]"
Add component (AddParameter): Name = "ComponentLink2Description"; Value = "Datasheet"; VariantName = "[No Variations]"
Add component (AddParameter): Name = "ComponentLink2URL"; Value = "http://katalog.we-online.de/pbs/datasheet/885012107005.pdf"; VariantName = "[No Variations]"
Add component (AddParameter): Name = "Operating Temperature"; Value = "-55 °C to +125 °C"; VariantName = "[No Variations]"
Add component (AddParameter): Name = "Part Number"; Value = "885012107005"; VariantName = "[No Variations]"
Add component (AddParameter): Name = "Published Date"; Value = "Oct. 2017"; VariantName = "[No Variations]"
Add component (AddParameter): Name = "Publisher"; Value = "Wurth Elektronik"; VariantName = "[No Variations]"
Add component (AddParameter): Name = "Rated Voltage"; Value = "6.3V DC"; VariantName = "[No Variations]"
Add component (AddParameter): Name = "Size"; Value = "0805"; VariantName = "[No Variations]"
Add component (AddParameter): Name = "Value"; Value = "22uF"; VariantName = "[No Variations]"
Added Component: Designator=C4(0805_2x1.25x1.25mm_Reflow Soldering)
Add component. Clean all parameters for all variants
Add component (AddParameter): Name = "Ceramic Type"; Value = "X5R"; VariantName = "[No Variations]"
Add component (AddParameter): Name = "ComponentLink1Description"; Value = "Manufacturer"; VariantName = "[No Variations]"
Add component (AddParameter): Name = "ComponentLink1URL"; Value = "http://www.we-online.de"; VariantName = "[No Variations]"
Add component (AddParameter): Name = "ComponentLink2Description"; Value = "Datasheet"; VariantName = "[No Variations]"
Add component (AddParameter): Name = "ComponentLink2URL"; Value = "http://katalog.we-online.de/pbs/datasheet/885012107003.pdf"; VariantName = "[No Variations]"
Add component (AddParameter): Name = "Operating Temperature"; Value = "-55 °C to +125 °C"; VariantName = "[No Variations]"
Add component (AddParameter): Name = "Part Number"; Value = "885012107003"; VariantName = "[No Variations]"
Add component (AddParameter): Name = "Published Date"; Value = "Oct. 2017"; VariantName = "[No Variations]"
Add component (AddParameter): Name = "Publisher"; Value = "Wurth Elektronik"; VariantName = "[No Variations]"
Add component (AddParameter): Name = "Rated Voltage"; Value = "6.3V DC"; VariantName = "[No Variations]"
Add component (AddParameter): Name = "Size"; Value = "0805"; VariantName = "[No Variations]"
Add component (AddParameter): Name = "Value"; Value = "4.7uF"; VariantName = "[No Variations]"
Added Component: Designator=C5(0603_1.6x0.8x0.8mm_Reflow Soldering)
Add component. Clean all parameters for all variants
Add component (AddParameter): Name = "Ceramic Type"; Value = "X7R"; VariantName = "[No Variations]"
Add component (AddParameter): Name = "ComponentLink1Description"; Value = "Manufacturer"; VariantName = "[No Variations]"
Add component (AddParameter): Name = "ComponentLink1URL"; Value = "http://www.we-online.de"; VariantName = "[No Variations]"
Add component (AddParameter): Name = "ComponentLink2Description"; Value = "Datasheet"; VariantName = "[No Variations]"
Add component (AddParameter): Name = "ComponentLink2URL"; Value = "http://katalog.we-online.de/pbs/datasheet/885012206071.pdf"; VariantName = "[No Variations]"
Add component (AddParameter): Name = "Operating Temperature"; Value = "-55 °C to +125 °C"; VariantName = "[No Variations]"
Add component (AddParameter): Name = "Part Number"; Value = "885012206071"; VariantName = "[No Variations]"
Add component (AddParameter): Name = "Published Date"; Value = "Oct. 2017"; VariantName = "[No Variations]"
Add component (AddParameter): Name = "Publisher"; Value = "Wurth Elektronik"; VariantName = "[No Variations]"
Add component (AddParameter): Name = "Rated Voltage"; Value = "25V DC"; VariantName = "[No Variations]"
Add component (AddParameter): Name = "Size"; Value = "0603"; VariantName = "[No Variations]"
Add component (AddParameter): Name = "Value"; Value = "100nF"; VariantName = "[No Variations]"
Added Component: Designator=C6(0603_1.6x0.8x0.8mm_Reflow Soldering)
Add component. Clean all parameters for all variants
Add component (AddParameter): Name = "Ceramic Type"; Value = "X7R"; VariantName = "[No Variations]"
Add component (AddParameter): Name = "ComponentLink1Description"; Value = "Manufacturer"; VariantName = "[No Variations]"
Add component (AddParameter): Name = "ComponentLink1URL"; Value = "http://www.we-online.de"; VariantName = "[No Variations]"
Add component (AddParameter): Name = "ComponentLink2Description"; Value = "Datasheet"; VariantName = "[No Variations]"
Add component (AddParameter): Name = "ComponentLink2URL"; Value = "http://katalog.we-online.de/pbs/datasheet/885012206071.pdf"; VariantName = "[No Variations]"
Add component (AddParameter): Name = "Operating Temperature"; Value = "-55 °C to +125 °C"; VariantName = "[No Variations]"
Add component (AddParameter): Name = "Part Number"; Value = "885012206071"; VariantName = "[No Variations]"
Add component (AddParameter): Name = "Published Date"; Value = "Oct. 2017"; VariantName = "[No Variations]"
Add component (AddParameter): Name = "Publisher"; Value = "Wurth Elektronik"; VariantName = "[No Variations]"
Add component (AddParameter): Name = "Rated Voltage"; Value = "25V DC"; VariantName = "[No Variations]"
Add component (AddParameter): Name = "Size"; Value = "0603"; VariantName = "[No Variations]"
Add component (AddParameter): Name = "Value"; Value = "100nF"; VariantName = "[No Variations]"
Added Component: Designator=C7(WCAP-PSLC_8x11.7)
Add component. Clean all parameters for all variants
Add component (AddParameter): Name = "ComponentLink1Description"; Value = "Manufacturer"; VariantName = "[No Variations]"
Add component (AddParameter): Name = "ComponentLink1URL"; Value = "http://www.we-online.de"; VariantName = "[No Variations]"
Add component (AddParameter): Name = "ComponentLink2Description"; Value = "Datasheet"; VariantName = "[No Variations]"
Add component (AddParameter): Name = "ComponentLink2URL"; Value = "http://katalog.we-online.de/pbs/datasheet/875075555002.pdf"; VariantName = "[No Variations]"
Add component (AddParameter): Name = "Life Cycle"; Value = "2000h"; VariantName = "[No Variations]"
Add component (AddParameter): Name = "Operating Temperature"; Value = "-55 °C up to +105 °C"; VariantName = "[No Variations]"
Add component (AddParameter): Name = "Part Number"; Value = "875075555002"; VariantName = "[No Variations]"
Add component (AddParameter): Name = "Published Date"; Value = "June 2017"; VariantName = "[No Variations]"
Add component (AddParameter): Name = "Publisher"; Value = "Wurth Elektronik"; VariantName = "[No Variations]"
Add component (AddParameter): Name = "Rated Voltage"; Value = "25V DC"; VariantName = "[No Variations]"
Add component (AddParameter): Name = "Size"; Value = "?8x11.7mm"; VariantName = "[No Variations]"
Add component (AddParameter): Name = "Value"; Value = "47uF"; VariantName = "[No Variations]"
Added Component: Designator=C8(0603_1.6x0.8x0.8mm_Reflow Soldering)
Add component. Clean all parameters for all variants
Add component (AddParameter): Name = "Ceramic Type"; Value = "X7R"; VariantName = "[No Variations]"
Add component (AddParameter): Name = "ComponentLink1Description"; Value = "Manufacturer"; VariantName = "[No Variations]"
Add component (AddParameter): Name = "ComponentLink1URL"; Value = "http://www.we-online.de"; VariantName = "[No Variations]"
Add component (AddParameter): Name = "ComponentLink2Description"; Value = "Datasheet"; VariantName = "[No Variations]"
Add component (AddParameter): Name = "ComponentLink2URL"; Value = "http://katalog.we-online.de/pbs/datasheet/885012206071.pdf"; VariantName = "[No Variations]"
Add component (AddParameter): Name = "Operating Temperature"; Value = "-55 °C to +125 °C"; VariantName = "[No Variations]"
Add component (AddParameter): Name = "Part Number"; Value = "885012206071"; VariantName = "[No Variations]"
Add component (AddParameter): Name = "Published Date"; Value = "Oct. 2017"; VariantName = "[No Variations]"
Add component (AddParameter): Name = "Publisher"; Value = "Wurth Elektronik"; VariantName = "[No Variations]"
Add component (AddParameter): Name = "Rated Voltage"; Value = "25V DC"; VariantName = "[No Variations]"
Add component (AddParameter): Name = "Size"; Value = "0603"; VariantName = "[No Variations]"
Add component (AddParameter): Name = "Value"; Value = "100nF"; VariantName = "[No Variations]"
Added Component: Designator=C9(WCAP-PSLC_8x11.7)
Add component. Clean all parameters for all variants
Add component (AddParameter): Name = "ComponentLink1Description"; Value = "Manufacturer"; VariantName = "[No Variations]"
Add component (AddParameter): Name = "ComponentLink1URL"; Value = "http://www.we-online.de"; VariantName = "[No Variations]"
Add component (AddParameter): Name = "ComponentLink2Description"; Value = "Datasheet"; VariantName = "[No Variations]"
Add component (AddParameter): Name = "ComponentLink2URL"; Value = "http://katalog.we-online.de/pbs/datasheet/875075555002.pdf"; VariantName = "[No Variations]"
Add component (AddParameter): Name = "Life Cycle"; Value = "2000h"; VariantName = "[No Variations]"
Add component (AddParameter): Name = "Operating Temperature"; Value = "-55 °C up to +105 °C"; VariantName = "[No Variations]"
Add component (AddParameter): Name = "Part Number"; Value = "875075555002"; VariantName = "[No Variations]"
Add component (AddParameter): Name = "Published Date"; Value = "June 2017"; VariantName = "[No Variations]"
Add component (AddParameter): Name = "Publisher"; Value = "Wurth Elektronik"; VariantName = "[No Variations]"
Add component (AddParameter): Name = "Rated Voltage"; Value = "25V DC"; VariantName = "[No Variations]"
Add component (AddParameter): Name = "Size"; Value = "?8x11.7mm"; VariantName = "[No Variations]"
Add component (AddParameter): Name = "Value"; Value = "47uF"; VariantName = "[No Variations]"
Added Component: Designator=C10(0805_2x1.25x1.25mm_Reflow Soldering)
Add component. Clean all parameters for all variants
Add component (AddParameter): Name = "Ceramic Type"; Value = "X5R"; VariantName = "[No Variations]"
Add component (AddParameter): Name = "ComponentLink1Description"; Value = "Manufacturer"; VariantName = "[No Variations]"
Add component (AddParameter): Name = "ComponentLink1URL"; Value = "http://www.we-online.de"; VariantName = "[No Variations]"
Add component (AddParameter): Name = "ComponentLink2Description"; Value = "Datasheet"; VariantName = "[No Variations]"
Add component (AddParameter): Name = "ComponentLink2URL"; Value = "http://katalog.we-online.de/pbs/datasheet/885012107018.pdf"; VariantName = "[No Variations]"
Add component (AddParameter): Name = "Operating Temperature"; Value = "-55 °C to +125 °C"; VariantName = "[No Variations]"
Add component (AddParameter): Name = "Part Number"; Value = "885012107018"; VariantName = "[No Variations]"
Add component (AddParameter): Name = "Published Date"; Value = "Oct. 2017"; VariantName = "[No Variations]"
Add component (AddParameter): Name = "Publisher"; Value = "Wurth Elektronik"; VariantName = "[No Variations]"
Add component (AddParameter): Name = "Rated Voltage"; Value = "25V DC"; VariantName = "[No Variations]"
Add component (AddParameter): Name = "Size"; Value = "0805"; VariantName = "[No Variations]"
Add component (AddParameter): Name = "Value"; Value = "4.7uF"; VariantName = "[No Variations]"
Added Component: Designator=C11(0603_1.6x0.8x0.8mm_Reflow Soldering)
Add component. Clean all parameters for all variants
Add component (AddParameter): Name = "Ceramic Type"; Value = "X7R"; VariantName = "[No Variations]"
Add component (AddParameter): Name = "ComponentLink1Description"; Value = "Manufacturer"; VariantName = "[No Variations]"
Add component (AddParameter): Name = "ComponentLink1URL"; Value = "http://www.we-online.de"; VariantName = "[No Variations]"
Add component (AddParameter): Name = "ComponentLink2Description"; Value = "Datasheet"; VariantName = "[No Variations]"
Add component (AddParameter): Name = "ComponentLink2URL"; Value = "http://katalog.we-online.de/pbs/datasheet/885012206071.pdf"; VariantName = "[No Variations]"
Add component (AddParameter): Name = "Operating Temperature"; Value = "-55 °C to +125 °C"; VariantName = "[No Variations]"
Add component (AddParameter): Name = "Part Number"; Value = "885012206071"; VariantName = "[No Variations]"
Add component (AddParameter): Name = "Published Date"; Value = "Oct. 2017"; VariantName = "[No Variations]"
Add component (AddParameter): Name = "Publisher"; Value = "Wurth Elektronik"; VariantName = "[No Variations]"
Add component (AddParameter): Name = "Rated Voltage"; Value = "25V DC"; VariantName = "[No Variations]"
Add component (AddParameter): Name = "Size"; Value = "0603"; VariantName = "[No Variations]"
Add component (AddParameter): Name = "Value"; Value = "100nF"; VariantName = "[No Variations]"
Added Component: Designator=C12(0603_1.6x0.8x0.8mm_Reflow Soldering)
Add component. Clean all parameters for all variants
Add component (AddParameter): Name = "Ceramic Type"; Value = "X7R"; VariantName = "[No Variations]"
Add component (AddParameter): Name = "ComponentLink1Description"; Value = "Manufacturer"; VariantName = "[No Variations]"
Add component (AddParameter): Name = "ComponentLink1URL"; Value = "http://www.we-online.de"; VariantName = "[No Variations]"
Add component (AddParameter): Name = "ComponentLink2Description"; Value = "Datasheet"; VariantName = "[No Variations]"
Add component (AddParameter): Name = "ComponentLink2URL"; Value = "http://katalog.we-online.de/pbs/datasheet/885012206065.pdf"; VariantName = "[No Variations]"
Add component (AddParameter): Name = "Operating Temperature"; Value = "-55 °C to +125 °C"; VariantName = "[No Variations]"
Add component (AddParameter): Name = "Part Number"; Value = "885012206065"; VariantName = "[No Variations]"
Add component (AddParameter): Name = "Published Date"; Value = "Oct. 2017"; VariantName = "[No Variations]"
Add component (AddParameter): Name = "Publisher"; Value = "Wurth Elektronik"; VariantName = "[No Variations]"
Add component (AddParameter): Name = "Rated Voltage"; Value = "25V DC"; VariantName = "[No Variations]"
Add component (AddParameter): Name = "Size"; Value = "0603"; VariantName = "[No Variations]"
Add component (AddParameter): Name = "Value"; Value = "10nF"; VariantName = "[No Variations]"
Added Component: Designator=C13(0603_1.6x0.8x0.8mm_Reflow Soldering)
Add component. Clean all parameters for all variants
Add component (AddParameter): Name = "Ceramic Type"; Value = "X7R"; VariantName = "[No Variations]"
Add component (AddParameter): Name = "ComponentLink1Description"; Value = "Manufacturer"; VariantName = "[No Variations]"
Add component (AddParameter): Name = "ComponentLink1URL"; Value = "http://www.we-online.de"; VariantName = "[No Variations]"
Add component (AddParameter): Name = "ComponentLink2Description"; Value = "Datasheet"; VariantName = "[No Variations]"
Add component (AddParameter): Name = "ComponentLink2URL"; Value = "http://katalog.we-online.de/pbs/datasheet/885012206071.pdf"; VariantName = "[No Variations]"
Add component (AddParameter): Name = "Operating Temperature"; Value = "-55 °C to +125 °C"; VariantName = "[No Variations]"
Add component (AddParameter): Name = "Part Number"; Value = "885012206071"; VariantName = "[No Variations]"
Add component (AddParameter): Name = "Published Date"; Value = "Oct. 2017"; VariantName = "[No Variations]"
Add component (AddParameter): Name = "Publisher"; Value = "Wurth Elektronik"; VariantName = "[No Variations]"
Add component (AddParameter): Name = "Rated Voltage"; Value = "25V DC"; VariantName = "[No Variations]"
Add component (AddParameter): Name = "Size"; Value = "0603"; VariantName = "[No Variations]"
Add component (AddParameter): Name = "Value"; Value = "100nF"; VariantName = "[No Variations]"
Added Component: Designator=C14(0603_1.6x0.8x0.8mm_Reflow Soldering)
Add component. Clean all parameters for all variants
Add component (AddParameter): Name = "Ceramic Type"; Value = "X7R"; VariantName = "[No Variations]"
Add component (AddParameter): Name = "ComponentLink1Description"; Value = "Manufacturer"; VariantName = "[No Variations]"
Add component (AddParameter): Name = "ComponentLink1URL"; Value = "http://www.we-online.de"; VariantName = "[No Variations]"
Add component (AddParameter): Name = "ComponentLink2Description"; Value = "Datasheet"; VariantName = "[No Variations]"
Add component (AddParameter): Name = "ComponentLink2URL"; Value = "http://katalog.we-online.de/pbs/datasheet/885012206071.pdf"; VariantName = "[No Variations]"
Add component (AddParameter): Name = "Operating Temperature"; Value = "-55 °C to +125 °C"; VariantName = "[No Variations]"
Add component (AddParameter): Name = "Part Number"; Value = "885012206071"; VariantName = "[No Variations]"
Add component (AddParameter): Name = "Published Date"; Value = "Oct. 2017"; VariantName = "[No Variations]"
Add component (AddParameter): Name = "Publisher"; Value = "Wurth Elektronik"; VariantName = "[No Variations]"
Add component (AddParameter): Name = "Rated Voltage"; Value = "25V DC"; VariantName = "[No Variations]"
Add component (AddParameter): Name = "Size"; Value = "0603"; VariantName = "[No Variations]"
Add component (AddParameter): Name = "Value"; Value = "100nF"; VariantName = "[No Variations]"
Added Component: Designator=C15(WCAP-PSLC_8x11.7)
Add component. Clean all parameters for all variants
Add component (AddParameter): Name = "ComponentLink1Description"; Value = "Manufacturer"; VariantName = "[No Variations]"
Add component (AddParameter): Name = "ComponentLink1URL"; Value = "http://www.we-online.de"; VariantName = "[No Variations]"
Add component (AddParameter): Name = "ComponentLink2Description"; Value = "Datasheet"; VariantName = "[No Variations]"
Add component (AddParameter): Name = "ComponentLink2URL"; Value = "http://katalog.we-online.de/pbs/datasheet/875075555002.pdf"; VariantName = "[No Variations]"
Add component (AddParameter): Name = "Life Cycle"; Value = "2000h"; VariantName = "[No Variations]"
Add component (AddParameter): Name = "Operating Temperature"; Value = "-55 °C up to +105 °C"; VariantName = "[No Variations]"
Add component (AddParameter): Name = "Part Number"; Value = "875075555002"; VariantName = "[No Variations]"
Add component (AddParameter): Name = "Published Date"; Value = "June 2017"; VariantName = "[No Variations]"
Add component (AddParameter): Name = "Publisher"; Value = "Wurth Elektronik"; VariantName = "[No Variations]"
Add component (AddParameter): Name = "Rated Voltage"; Value = "25V DC"; VariantName = "[No Variations]"
Add component (AddParameter): Name = "Size"; Value = "?8x11.7mm"; VariantName = "[No Variations]"
Add component (AddParameter): Name = "Value"; Value = "47uF"; VariantName = "[No Variations]"
Added Component: Designator=C16(0805_2x1.25x1.25mm_Reflow Soldering)
Add component. Clean all parameters for all variants
Add component (AddParameter): Name = "Ceramic Type"; Value = "X5R"; VariantName = "[No Variations]"
Add component (AddParameter): Name = "ComponentLink1Description"; Value = "Manufacturer"; VariantName = "[No Variations]"
Add component (AddParameter): Name = "ComponentLink1URL"; Value = "http://www.we-online.de"; VariantName = "[No Variations]"
Add component (AddParameter): Name = "ComponentLink2Description"; Value = "Datasheet"; VariantName = "[No Variations]"
Add component (AddParameter): Name = "ComponentLink2URL"; Value = "http://katalog.we-online.de/pbs/datasheet/885012107005.pdf"; VariantName = "[No Variations]"
Add component (AddParameter): Name = "Operating Temperature"; Value = "-55 °C to +125 °C"; VariantName = "[No Variations]"
Add component (AddParameter): Name = "Part Number"; Value = "885012107005"; VariantName = "[No Variations]"
Add component (AddParameter): Name = "Published Date"; Value = "Oct. 2017"; VariantName = "[No Variations]"
Add component (AddParameter): Name = "Publisher"; Value = "Wurth Elektronik"; VariantName = "[No Variations]"
Add component (AddParameter): Name = "Rated Voltage"; Value = "6.3V DC"; VariantName = "[No Variations]"
Add component (AddParameter): Name = "Size"; Value = "0805"; VariantName = "[No Variations]"
Add component (AddParameter): Name = "Value"; Value = "22uF"; VariantName = "[No Variations]"
Added Component: Designator=C17(0603_1.6x0.8x0.8mm_Reflow Soldering)
Add component. Clean all parameters for all variants
Add component (AddParameter): Name = "Ceramic Type"; Value = "X7R"; VariantName = "[No Variations]"
Add component (AddParameter): Name = "ComponentLink1Description"; Value = "Manufacturer"; VariantName = "[No Variations]"
Add component (AddParameter): Name = "ComponentLink1URL"; Value = "http://www.we-online.de"; VariantName = "[No Variations]"
Add component (AddParameter): Name = "ComponentLink2Description"; Value = "Datasheet"; VariantName = "[No Variations]"
Add component (AddParameter): Name = "ComponentLink2URL"; Value = "http://katalog.we-online.de/pbs/datasheet/885012206071.pdf"; VariantName = "[No Variations]"
Add component (AddParameter): Name = "Operating Temperature"; Value = "-55 °C to +125 °C"; VariantName = "[No Variations]"
Add component (AddParameter): Name = "Part Number"; Value = "885012206071"; VariantName = "[No Variations]"
Add component (AddParameter): Name = "Published Date"; Value = "Oct. 2017"; VariantName = "[No Variations]"
Add component (AddParameter): Name = "Publisher"; Value = "Wurth Elektronik"; VariantName = "[No Variations]"
Add component (AddParameter): Name = "Rated Voltage"; Value = "25V DC"; VariantName = "[No Variations]"
Add component (AddParameter): Name = "Size"; Value = "0603"; VariantName = "[No Variations]"
Add component (AddParameter): Name = "Value"; Value = "100nF"; VariantName = "[No Variations]"
Added Component: Designator=C18(WCAP-PSLC_8x11.7)
Add component. Clean all parameters for all variants
Add component (AddParameter): Name = "ComponentLink1Description"; Value = "Manufacturer"; VariantName = "[No Variations]"
Add component (AddParameter): Name = "ComponentLink1URL"; Value = "http://www.we-online.de"; VariantName = "[No Variations]"
Add component (AddParameter): Name = "ComponentLink2Description"; Value = "Datasheet"; VariantName = "[No Variations]"
Add component (AddParameter): Name = "ComponentLink2URL"; Value = "http://katalog.we-online.de/pbs/datasheet/875075555002.pdf"; VariantName = "[No Variations]"
Add component (AddParameter): Name = "Life Cycle"; Value = "2000h"; VariantName = "[No Variations]"
Add component (AddParameter): Name = "Operating Temperature"; Value = "-55 °C up to +105 °C"; VariantName = "[No Variations]"
Add component (AddParameter): Name = "Part Number"; Value = "875075555002"; VariantName = "[No Variations]"
Add component (AddParameter): Name = "Published Date"; Value = "June 2017"; VariantName = "[No Variations]"
Add component (AddParameter): Name = "Publisher"; Value = "Wurth Elektronik"; VariantName = "[No Variations]"
Add component (AddParameter): Name = "Rated Voltage"; Value = "25V DC"; VariantName = "[No Variations]"
Add component (AddParameter): Name = "Size"; Value = "?8x11.7mm"; VariantName = "[No Variations]"
Add component (AddParameter): Name = "Value"; Value = "47uF"; VariantName = "[No Variations]"
Added Component: Designator=D1(PowerDi123)
Add component. Clean all parameters for all variants
Added Component: Designator=D2(PowerDi123)
Add component. Clean all parameters for all variants
Added Component: Designator=H1(Letev7)
Add component. Clean all parameters for all variants
Added Component: Designator=H2(Letev6)
Add component. Clean all parameters for all variants
Added Component: Designator=H3(Letev6)
Add component. Clean all parameters for all variants
Added Component: Designator=L1(WE-TPC_2811)
Add component. Clean all parameters for all variants
Add component (AddParameter): Name = "ComponentLink1Description"; Value = "Manufacturer"; VariantName = "[No Variations]"
Add component (AddParameter): Name = "ComponentLink1URL"; Value = "http://www.we-online.de"; VariantName = "[No Variations]"
Add component (AddParameter): Name = "ComponentLink2Description"; Value = "Datasheet"; VariantName = "[No Variations]"
Add component (AddParameter): Name = "ComponentLink2URL"; Value = "http://katalog.we-online.de/pbs/datasheet/744028002.pdf"; VariantName = "[No Variations]"
Add component (AddParameter): Name = "DC Resistance"; Value = "125mO"; VariantName = "[No Variations]"
Add component (AddParameter): Name = "Part Number"; Value = "744028002"; VariantName = "[No Variations]"
Add component (AddParameter): Name = "Published Date"; Value = "July 2017"; VariantName = "[No Variations]"
Add component (AddParameter): Name = "Publisher"; Value = "Wurth Elektronik"; VariantName = "[No Variations]"
Add component (AddParameter): Name = "Rated Current"; Value = "1.3A"; VariantName = "[No Variations]"
Add component (AddParameter): Name = "Size"; Value = "2811"; VariantName = "[No Variations]"
Add component (AddParameter): Name = "Value"; Value = "2.2uH"; VariantName = "[No Variations]"
Added Component: Designator=L2(WE-TPC_4818)
Add component. Clean all parameters for all variants
Add component (AddParameter): Name = "ComponentLink1Description"; Value = "Manufacturer"; VariantName = "[No Variations]"
Add component (AddParameter): Name = "ComponentLink1URL"; Value = "http://www.we-online.de"; VariantName = "[No Variations]"
Add component (AddParameter): Name = "ComponentLink2Description"; Value = "Datasheet"; VariantName = "[No Variations]"
Add component (AddParameter): Name = "ComponentLink2URL"; Value = "http://katalog.we-online.de/pbs/datasheet/744042180.pdf"; VariantName = "[No Variations]"
Add component (AddParameter): Name = "DC Resistance"; Value = "270mO"; VariantName = "[No Variations]"
Add component (AddParameter): Name = "Part Number"; Value = "744042180"; VariantName = "[No Variations]"
Add component (AddParameter): Name = "Published Date"; Value = "July 2017"; VariantName = "[No Variations]"
Add component (AddParameter): Name = "Publisher"; Value = "Wurth Elektronik"; VariantName = "[No Variations]"
Add component (AddParameter): Name = "Rated Current"; Value = "0.92A"; VariantName = "[No Variations]"
Add component (AddParameter): Name = "Size"; Value = "4818"; VariantName = "[No Variations]"
Add component (AddParameter): Name = "Value"; Value = "18uH"; VariantName = "[No Variations]"
Added Component: Designator=L3(WE-TPC_2828)
Add component. Clean all parameters for all variants
Add component (AddParameter): Name = "ComponentLink1Description"; Value = "Manufacturer"; VariantName = "[No Variations]"
Add component (AddParameter): Name = "ComponentLink1URL"; Value = "http://www.we-online.de"; VariantName = "[No Variations]"
Add component (AddParameter): Name = "ComponentLink2Description"; Value = "Datasheet"; VariantName = "[No Variations]"
Add component (AddParameter): Name = "ComponentLink2URL"; Value = "http://katalog.we-online.de/pbs/datasheet/744025003.pdf"; VariantName = "[No Variations]"
Add component (AddParameter): Name = "DC Resistance"; Value = "85mO"; VariantName = "[No Variations]"
Add component (AddParameter): Name = "Part Number"; Value = "744025003"; VariantName = "[No Variations]"
Add component (AddParameter): Name = "Published Date"; Value = "July 2017"; VariantName = "[No Variations]"
Add component (AddParameter): Name = "Publisher"; Value = "Wurth Elektronik"; VariantName = "[No Variations]"
Add component (AddParameter): Name = "Rated Current"; Value = "1.5A"; VariantName = "[No Variations]"
Add component (AddParameter): Name = "Size"; Value = "2828"; VariantName = "[No Variations]"
Add component (AddParameter): Name = "Value"; Value = "3.3uH"; VariantName = "[No Variations]"
Added Component: Designator=MH1(Mounting Hole M3)
Add component. Clean all parameters for all variants
Added Component: Designator=MH2(Mounting Hole M3)
Add component. Clean all parameters for all variants
Added Component: Designator=MH3(Mounting Hole M3)
Add component. Clean all parameters for all variants
Added Component: Designator=MH4(Mounting Hole M3)
Add component. Clean all parameters for all variants
Added Component: Designator=R1(RES0805_1)
Add component. Clean all parameters for all variants
Add component (AddParameter): Name = "Value"; Value = "100k"; VariantName = "[No Variations]"
Added Component: Designator=R2(RES0805_1)
Add component. Clean all parameters for all variants
Add component (AddParameter): Name = "Value"; Value = "150k"; VariantName = "[No Variations]"
Added Component: Designator=R3(RES0805_1)
Add component. Clean all parameters for all variants
Add component (AddParameter): Name = "Value"; Value = "130k"; VariantName = "[No Variations]"
Added Component: Designator=R4(RES0805_1)
Add component. Clean all parameters for all variants
Add component (AddParameter): Name = "Value"; Value = "12k"; VariantName = "[No Variations]"
Added Component: Designator=R5(RES0805_1)
Add component. Clean all parameters for all variants
Add component (AddParameter): Name = "Value"; Value = "160k"; VariantName = "[No Variations]"
Added Component: Designator=R6(RES0805_1)
Add component. Clean all parameters for all variants
Add component (AddParameter): Name = "Value"; Value = "17k8"; VariantName = "[No Variations]"
Added Component: Designator=R7(RES0805_1)
Add component. Clean all parameters for all variants
Add component (AddParameter): Name = "Value"; Value = "10k5"; VariantName = "[No Variations]"
Added Component: Designator=R8(RES0805_1)
Add component. Clean all parameters for all variants
Add component (AddParameter): Name = "Value"; Value = "33k2"; VariantName = "[No Variations]"
Added Component: Designator=R9(RES0805_1)
Add component. Clean all parameters for all variants
Add component (AddParameter): Name = "Value"; Value = "10k"; VariantName = "[No Variations]"
Added Component: Designator=R10(RES0805_1)
Add component. Clean all parameters for all variants
Add component (AddParameter): Name = "Value"; Value = "12k"; VariantName = "[No Variations]"
Added Component: Designator=R11(RES0805_1)
Add component. Clean all parameters for all variants
Add component (AddParameter): Name = "Value"; Value = "0R"; VariantName = "[No Variations]"
Added Component: Designator=R12(RES0805_1)
Add component. Clean all parameters for all variants
Add component (AddParameter): Name = "Value"; Value = "0R"; VariantName = "[No Variations]"
Added Component: Designator=R13(RES0805_1)
Add component. Clean all parameters for all variants
Add component (AddParameter): Name = "Value"; Value = "0R"; VariantName = "[No Variations]"
Added Component: Designator=R14(RES0805_1)
Add component. Clean all parameters for all variants
Add component (AddParameter): Name = "Value"; Value = "12k"; VariantName = "[No Variations]"
Added Component: Designator=R15(RES0805_1)
Add component. Clean all parameters for all variants
Add component (AddParameter): Name = "Value"; Value = "0R"; VariantName = "[No Variations]"
Added Component: Designator=T1(SOT23)
Add component. Clean all parameters for all variants
Added Component: Designator=T2(SOT23)
Add component. Clean all parameters for all variants
Added Component: Designator=U1(DSG8-1600X900TP)
Add component. Clean all parameters for all variants
Add component (AddParameter): Name = "Code_JEDEC"; Value = "MO-229"; VariantName = "[No Variations]"
Add component (AddParameter): Name = "ComponentLink1Description"; Value = "Datasheet"; VariantName = "[No Variations]"
Add component (AddParameter): Name = "ComponentLink1URL"; Value = "http://www.ti.com/general/docs/lit/getliterature.tsp?genericPartNumber=TPS62170&fileType=pdf"; VariantName = "[No Variations]"
Add component (AddParameter): Name = "ComponentLink2Description"; Value = "Package Specification"; VariantName = "[No Variations]"
Add component (AddParameter): Name = "ComponentLink2URL"; Value = "http://www.ti.com/litv/pdf/mpds308a"; VariantName = "[No Variations]"
Add component (AddParameter): Name = "ComponentLink3Description"; Value = "URL Link1"; VariantName = "[No Variations]"
Add component (AddParameter): Name = "ComponentLink3URL"; Value = "Samples URL:http://www.ti.com/product/tps62170#samples"; VariantName = "[No Variations]"
Add component (AddParameter): Name = "DatasheetVersion"; Value = "SLVSAT8A"; VariantName = "[No Variations]"
Add component (AddParameter): Name = "Duty Cycle(Max)(%)"; Value = "100"; VariantName = "[No Variations]"
Add component (AddParameter): Name = "Eco-Plan"; Value = "Green (RoHS & no Sb/Br)"; VariantName = "[No Variations]"
Add component (AddParameter): Name = "Iout(Max)(A)"; Value = "0.5"; VariantName = "[No Variations]"
Add component (AddParameter): Name = "Iq(Typ)(mA)"; Value = "0.017"; VariantName = "[No Variations]"
Add component (AddParameter): Name = "Manufacturer"; Value = "Texas Instruments"; VariantName = "[No Variations]"
Add component (AddParameter): Name = "Mounting Technology"; Value = "Surface Mount"; VariantName = "[No Variations]"
Add component (AddParameter): Name = "PackageDescription"; Value = "8-Pin Plastic Small Outline No-Lead, 2 x 2 x 0.8 mm Body, 0.5 mm Pitch, Exposed Pad"; VariantName = "[No Variations]"
Add component (AddParameter): Name = "PackageReference"; Value = "DSG8-1600X900TP"; VariantName = "[No Variations]"
Add component (AddParameter): Name = "PackageVersion"; Value = "revB, Oct-2010"; VariantName = "[No Variations]"
Add component (AddParameter): Name = "PartNumber"; Value = "TPS62170DSGR"; VariantName = "[No Variations]"
Add component (AddParameter): Name = "Rating"; Value = "Catalog"; VariantName = "[No Variations]"
Add component (AddParameter): Name = "Regulated Outputs(#)"; Value = "1"; VariantName = "[No Variations]"
Add component (AddParameter): Name = "SubFamily"; Value = "Step-Down Regulator"; VariantName = "[No Variations]"
Add component (AddParameter): Name = "Supplier 1"; Value = "Digi-Key"; VariantName = "[No Variations]"
Add component (AddParameter): Name = "Supplier 2"; Value = "Digi-Key"; VariantName = "[No Variations]"
Add component (AddParameter): Name = "Supplier 3"; Value = "Digi-Key"; VariantName = "[No Variations]"
Add component (AddParameter): Name = "Supplier 4"; Value = "Newark"; VariantName = "[No Variations]"
Add component (AddParameter): Name = "Supplier 5"; Value = "Mouser"; VariantName = "[No Variations]"
Add component (AddParameter): Name = "Supplier Part Number 1"; Value = "296-29865-2-ND"; VariantName = "[No Variations]"
Add component (AddParameter): Name = "Supplier Part Number 2"; Value = "296-29865-1-ND"; VariantName = "[No Variations]"
Add component (AddParameter): Name = "Supplier Part Number 3"; Value = "296-29865-6-ND"; VariantName = "[No Variations]"
Add component (AddParameter): Name = "Supplier Part Number 4"; Value = "74T5561"; VariantName = "[No Variations]"
Add component (AddParameter): Name = "Supplier Part Number 5"; Value = "595-TPS62170DSGR"; VariantName = "[No Variations]"
Add component (AddParameter): Name = "Switch Current Limit(Typ)(A)"; Value = "1.05"; VariantName = "[No Variations]"
Add component (AddParameter): Name = "Synchronous Rectification"; Value = "TRUE"; VariantName = "[No Variations]"
Add component (AddParameter): Name = "Topology"; Value = "Buck"; VariantName = "[No Variations]"
Add component (AddParameter): Name = "Vin(Max)(V)"; Value = "17"; VariantName = "[No Variations]"
Add component (AddParameter): Name = "Vin(Min)(V)"; Value = "3"; VariantName = "[No Variations]"
Add component (AddParameter): Name = "Vout(Max)(V)"; Value = "6"; VariantName = "[No Variations]"
Add component (AddParameter): Name = "Vout(Min)(V)"; Value = "0.9"; VariantName = "[No Variations]"
Added Component: Designator=U2(ESP32-WROOM)
Add component. Clean all parameters for all variants
Added Component: Designator=U3(DRV6-1600X1000TP)
Add component. Clean all parameters for all variants
Add component (AddParameter): Name = "ComponentLink1Description"; Value = "Datasheet"; VariantName = "[No Variations]"
Add component (AddParameter): Name = "ComponentLink1URL"; Value = "http://www.ti.com/general/docs/lit/getliterature.tsp?genericPartNumber=TPS61170&fileType=pdf"; VariantName = "[No Variations]"
Add component (AddParameter): Name = "ComponentLink2Description"; Value = "Package Specification"; VariantName = "[No Variations]"
Add component (AddParameter): Name = "ComponentLink2URL"; Value = "http://www.ti.com/litv/pdf/mpds216d"; VariantName = "[No Variations]"
Add component (AddParameter): Name = "DatasheetVersion"; Value = "SLVS789C"; VariantName = "[No Variations]"
Add component (AddParameter): Name = "Dynamic Voltage Scaling"; Value = "TRUE"; VariantName = "[No Variations]"
Add component (AddParameter): Name = "Eco-Plan"; Value = "Green (RoHS & no Sb/Br)"; VariantName = "[No Variations]"
Add component (AddParameter): Name = "Manufacturer"; Value = "Texas Instruments"; VariantName = "[No Variations]"
Add component (AddParameter): Name = "Mounting Technology"; Value = "Surface Mount"; VariantName = "[No Variations]"
Add component (AddParameter): Name = "PackageDescription"; Value = "6-Pin Plastic Small Outline No-Lead, 2 x 2 x 0.8 mm Body, 0.65 mm Pitch, Exposed Pad"; VariantName = "[No Variations]"
Add component (AddParameter): Name = "PackageReference"; Value = "DRV6-1600X1000TP"; VariantName = "[No Variations]"
Add component (AddParameter): Name = "PackageVersion"; Value = "revE, Oct-2010"; VariantName = "[No Variations]"
Add component (AddParameter): Name = "PartNumber"; Value = "TPS61170DRVR"; VariantName = "[No Variations]"
Add component (AddParameter): Name = "Regulated Outputs(#)"; Value = "1"; VariantName = "[No Variations]"
Add component (AddParameter): Name = "SubFamily"; Value = "Step-Up Regulator"; VariantName = "[No Variations]"
Add component (AddParameter): Name = "Supplier 1"; Value = "Digi-Key"; VariantName = "[No Variations]"
Add component (AddParameter): Name = "Supplier 2"; Value = "Digi-Key"; VariantName = "[No Variations]"
Add component (AddParameter): Name = "Supplier 3"; Value = "Digi-Key"; VariantName = "[No Variations]"
Add component (AddParameter): Name = "Supplier 4"; Value = "Newark"; VariantName = "[No Variations]"
Add component (AddParameter): Name = "Supplier 5"; Value = "Mouser"; VariantName = "[No Variations]"
Add component (AddParameter): Name = "Supplier Part Number 1"; Value = "296-22945-2-ND"; VariantName = "[No Variations]"
Add component (AddParameter): Name = "Supplier Part Number 2"; Value = "296-22945-1-ND"; VariantName = "[No Variations]"
Add component (AddParameter): Name = "Supplier Part Number 3"; Value = "296-22945-6-ND"; VariantName = "[No Variations]"
Add component (AddParameter): Name = "Supplier Part Number 4"; Value = "65M6341"; VariantName = "[No Variations]"
Add component (AddParameter): Name = "Supplier Part Number 5"; Value = "595-TPS61170DRVR"; VariantName = "[No Variations]"
Add component (AddParameter): Name = "Switching Frequency(Max)(kHz)"; Value = "1200"; VariantName = "[No Variations]"
Add component (AddParameter): Name = "Topology"; Value = "Boost"; VariantName = "[No Variations]"
Add component (AddParameter): Name = "Vin(Max)(V)"; Value = "18"; VariantName = "[No Variations]"
Add component (AddParameter): Name = "Vin(Min)(V)"; Value = "3"; VariantName = "[No Variations]"
Add component (AddParameter): Name = "Vout(Max)(V)"; Value = "38"; VariantName = "[No Variations]"
Add component (AddParameter): Name = "Vout(Min)(V)"; Value = "3"; VariantName = "[No Variations]"
Added Component: Designator=U4(SOT23-6 TI)
Add component. Clean all parameters for all variants
Added Pin To Net: NetName=+1.5V Pin=C3-2
Added Pin To Net: NetName=+1.5V Pin=C4-2
Added Pin To Net: NetName=+1.5V Pin=C5-2
Added Pin To Net: NetName=+1.5V Pin=H3-3
Added Pin To Net: NetName=+1.5V Pin=H3-4
Added Pin To Net: NetName=+1.5V Pin=L1-2
Added Pin To Net: NetName=+1.5V Pin=R1-2
Added Pin To Net: NetName=+1.5V Pin=R3-2
Added Pin To Net: NetName=+1.5V Pin=U1-6
Added Net: Name=+1.5V
Added Pin To Net: NetName=+3V3 Pin=C14-2
Added Pin To Net: NetName=+3V3 Pin=C16-2
Added Pin To Net: NetName=+3V3 Pin=C18-1
Added Pin To Net: NetName=+3V3 Pin=D1-1
Added Pin To Net: NetName=+3V3 Pin=H2-1
Added Pin To Net: NetName=+3V3 Pin=L3-2
Added Pin To Net: NetName=+3V3 Pin=R4-2
Added Pin To Net: NetName=+3V3 Pin=R8-2
Added Net: Name=+3V3
Added Pin To Net: NetName=+12 Pin=C1-1
Added Pin To Net: NetName=+12 Pin=C2-2
Added Pin To Net: NetName=+12 Pin=C7-1
Added Pin To Net: NetName=+12 Pin=C8-2
Added Pin To Net: NetName=+12 Pin=C15-1
Added Pin To Net: NetName=+12 Pin=C17-2
Added Pin To Net: NetName=+12 Pin=L2-1
Added Pin To Net: NetName=+12 Pin=U1-2
Added Pin To Net: NetName=+12 Pin=U3-6
Added Pin To Net: NetName=+12 Pin=U4-3
Added Pin To Net: NetName=+12 Pin=U4-5
Added Net: Name=+12
Added Pin To Net: NetName=+30V Pin=C9-1
Added Pin To Net: NetName=+30V Pin=C10-2
Added Pin To Net: NetName=+30V Pin=C11-2
Added Pin To Net: NetName=+30V Pin=D2-2
Added Pin To Net: NetName=+30V Pin=H3-1
Added Pin To Net: NetName=+30V Pin=H3-2
Added Pin To Net: NetName=+30V Pin=R5-2
Added Net: Name=+30V
Added Pin To Net: NetName=CTS Pin=H1-4
Added Pin To Net: NetName=CTS Pin=R15-1
Added Net: Name=CTS
Added Pin To Net: NetName=DTR Pin=H1-5
Added Pin To Net: NetName=DTR Pin=R10-2
Added Pin To Net: NetName=DTR Pin=T2-2
Added Net: Name=DTR
Added Pin To Net: NetName=EN Pin=C6-2
Added Pin To Net: NetName=EN Pin=R4-1
Added Pin To Net: NetName=EN Pin=T1-3
Added Pin To Net: NetName=EN Pin=U2-3
Added Net: Name=EN
Added Pin To Net: NetName=GND Pin=C1-2
Added Pin To Net: NetName=GND Pin=C2-1
Added Pin To Net: NetName=GND Pin=C3-1
Added Pin To Net: NetName=GND Pin=C4-1
Added Pin To Net: NetName=GND Pin=C5-1
Added Pin To Net: NetName=GND Pin=C6-1
Added Pin To Net: NetName=GND Pin=C7-2
Added Pin To Net: NetName=GND Pin=C8-1
Added Pin To Net: NetName=GND Pin=C9-2
Added Pin To Net: NetName=GND Pin=C10-1
Added Pin To Net: NetName=GND Pin=C11-1
Added Pin To Net: NetName=GND Pin=C12-1
Added Pin To Net: NetName=GND Pin=C14-1
Added Pin To Net: NetName=GND Pin=C15-2
Added Pin To Net: NetName=GND Pin=C16-1
Added Pin To Net: NetName=GND Pin=C17-1
Added Pin To Net: NetName=GND Pin=C18-2
Added Pin To Net: NetName=GND Pin=H1-7
Added Pin To Net: NetName=GND Pin=H2-6
Added Pin To Net: NetName=GND Pin=H3-5
Added Pin To Net: NetName=GND Pin=H3-6
Added Pin To Net: NetName=GND Pin=MH1-1
Added Pin To Net: NetName=GND Pin=MH2-1
Added Pin To Net: NetName=GND Pin=MH3-1
Added Pin To Net: NetName=GND Pin=MH4-1
Added Pin To Net: NetName=GND Pin=R2-1
Added Pin To Net: NetName=GND Pin=R7-1
Added Pin To Net: NetName=GND Pin=R9-1
Added Pin To Net: NetName=GND Pin=U1-1
Added Pin To Net: NetName=GND Pin=U1-4
Added Pin To Net: NetName=GND Pin=U1-9
Added Pin To Net: NetName=GND Pin=U2-1
Added Pin To Net: NetName=GND Pin=U2-15
Added Pin To Net: NetName=GND Pin=U2-38
Added Pin To Net: NetName=GND Pin=U3-3
Added Pin To Net: NetName=GND Pin=U3-7
Added Pin To Net: NetName=GND Pin=U4-1
Added Net: Name=GND
Added Pin To Net: NetName=IO0 Pin=T2-3
Added Pin To Net: NetName=IO0 Pin=U2-25
Added Net: Name=IO0
Added Pin To Net: NetName=IO13 Pin=R13-2
Added Pin To Net: NetName=IO13 Pin=U2-16
Added Net: Name=IO13
Added Pin To Net: NetName=IO15 Pin=R15-2
Added Pin To Net: NetName=IO15 Pin=U2-23
Added Net: Name=IO15
Added Pin To Net: NetName=NetC12_2 Pin=C12-2
Added Pin To Net: NetName=NetC12_2 Pin=R6-1
Added Net: Name=NetC12_2
Added Pin To Net: NetName=NetC13_1 Pin=C13-1
Added Pin To Net: NetName=NetC13_1 Pin=L3-1
Added Pin To Net: NetName=NetC13_1 Pin=U4-2
Added Net: Name=NetC13_1
Added Pin To Net: NetName=NetC13_2 Pin=C13-2
Added Pin To Net: NetName=NetC13_2 Pin=U4-6
Added Net: Name=NetC13_2
Added Pin To Net: NetName=NetD1_2 Pin=D1-2
Added Pin To Net: NetName=NetD1_2 Pin=U2-2
Added Net: Name=NetD1_2
Added Pin To Net: NetName=NetD2_1 Pin=D2-1
Added Pin To Net: NetName=NetD2_1 Pin=L2-2
Added Pin To Net: NetName=NetD2_1 Pin=U3-4
Added Net: Name=NetD2_1
Added Pin To Net: NetName=NetH2_2 Pin=H2-2
Added Pin To Net: NetName=NetH2_2 Pin=U2-10
Added Net: Name=NetH2_2
Added Pin To Net: NetName=NetH2_3 Pin=H2-3
Added Pin To Net: NetName=NetH2_3 Pin=U2-11
Added Net: Name=NetH2_3
Added Pin To Net: NetName=NetH2_4 Pin=H2-4
Added Pin To Net: NetName=NetH2_4 Pin=U2-8
Added Net: Name=NetH2_4
Added Pin To Net: NetName=NetH2_5 Pin=H2-5
Added Pin To Net: NetName=NetH2_5 Pin=U2-9
Added Net: Name=NetH2_5
Added Pin To Net: NetName=NetL1_1 Pin=L1-1
Added Pin To Net: NetName=NetL1_1 Pin=U1-7
Added Net: Name=NetL1_1
Added Pin To Net: NetName=NetR1_1 Pin=R1-1
Added Pin To Net: NetName=NetR1_1 Pin=U1-8
Added Net: Name=NetR1_1
Added Pin To Net: NetName=NetR2_2 Pin=R2-2
Added Pin To Net: NetName=NetR2_2 Pin=R3-1
Added Pin To Net: NetName=NetR2_2 Pin=U1-5
Added Net: Name=NetR2_2
Added Pin To Net: NetName=NetR5_1 Pin=R5-1
Added Pin To Net: NetName=NetR5_1 Pin=R7-2
Added Pin To Net: NetName=NetR5_1 Pin=U3-1
Added Net: Name=NetR5_1
Added Pin To Net: NetName=NetR6_2 Pin=R6-2
Added Pin To Net: NetName=NetR6_2 Pin=U3-2
Added Net: Name=NetR6_2
Added Pin To Net: NetName=NetR8_1 Pin=R8-1
Added Pin To Net: NetName=NetR8_1 Pin=R9-2
Added Pin To Net: NetName=NetR8_1 Pin=U4-4
Added Net: Name=NetR8_1
Added Pin To Net: NetName=NetR10_1 Pin=R10-1
Added Pin To Net: NetName=NetR10_1 Pin=T1-1
Added Net: Name=NetR10_1
Added Pin To Net: NetName=NetR14_1 Pin=R14-1
Added Pin To Net: NetName=NetR14_1 Pin=T2-1
Added Net: Name=NetR14_1
Added Pin To Net: NetName=NetU1_3 Pin=U1-3
Added Pin To Net: NetName=NetU1_3 Pin=U2-14
Added Net: Name=NetU1_3
Added Pin To Net: NetName=NetU2_13 Pin=U2-13
Added Pin To Net: NetName=NetU2_13 Pin=U3-5
Added Net: Name=NetU2_13
Added Pin To Net: NetName=RTS Pin=H1-3
Added Pin To Net: NetName=RTS Pin=H1-6
Added Pin To Net: NetName=RTS Pin=R13-1
Added Pin To Net: NetName=RTS Pin=R14-2
Added Pin To Net: NetName=RTS Pin=T1-2
Added Net: Name=RTS
Added Pin To Net: NetName=RXD0 Pin=R12-2
Added Pin To Net: NetName=RXD0 Pin=U2-34
Added Net: Name=RXD0
Added Pin To Net: NetName=RXD Pin=H1-1
Added Pin To Net: NetName=RXD Pin=R11-1
Added Net: Name=RXD
Added Pin To Net: NetName=TXD0 Pin=R11-2
Added Pin To Net: NetName=TXD0 Pin=U2-35
Added Net: Name=TXD0
Added Pin To Net: NetName=TXD Pin=H1-2
Added Pin To Net: NetName=TXD Pin=R12-1
Added Net: Name=TXD
Added Class: Name=VFD Ura Controll
Added Room: Name=VFD Ura Controll
